<?xml version="1.0" encoding="UTF-8"?>
<testsuite xmlns:xsi="http://www.w3.org/2001/XMLSchema-instance" xsi:noNamespaceSchemaLocation="https://maven.apache.org/surefire/maven-surefire-plugin/xsd/surefire-test-report.xsd" name="com.flowill.AppTest" time="0.016" tests="1" errors="0" skipped="0" failures="0">
  <properties>
    <property name="sun.desktop" value="windows"/>
    <property name="awt.toolkit" value="sun.awt.windows.WToolkit"/>
    <property name="file.encoding.pkg" value="sun.io"/>
    <property name="java.specification.version" value="1.8"/>
    <property name="sun.cpu.isalist" value="amd64"/>
    <property name="sun.jnu.encoding" value="Cp1252"/>
    <property name="java.class.path" value="C:\Users\comte\Desktop\RailNetCut\rail-net-cut\target\test-classes;C:\Users\comte\Desktop\RailNetCut\rail-net-cut\target\classes;C:\Users\comte\.m2\repository\com\googlecode\princeton-java-introduction\stdlib\1.0.1\stdlib-1.0.1.jar;C:\Users\comte\.m2\repository\java3d\vecmath\1.3.1\vecmath-1.3.1.jar;C:\Users\comte\.m2\repository\java3d\j3d-core-utils\1.3.1\j3d-core-utils-1.3.1.jar;C:\Users\comte\.m2\repository\java3d\j3d-core\1.3.1\j3d-core-1.3.1.jar;C:\Users\comte\.m2\repository\junit\junit\4.11\junit-4.11.jar;C:\Users\comte\.m2\repository\org\hamcrest\hamcrest-core\1.3\hamcrest-core-1.3.jar;"/>
    <property name="java.vm.vendor" value="Oracle Corporation"/>
    <property name="sun.arch.data.model" value="64"/>
    <property name="user.variant" value=""/>
    <property name="java.vendor.url" value="http://java.oracle.com/"/>
    <property name="user.timezone" value="Europe/Paris"/>
    <property name="java.vm.specification.version" value="1.8"/>
    <property name="os.name" value="Windows 10"/>
    <property name="user.country" value="US"/>
    <property name="sun.java.launcher" value="SUN_STANDARD"/>
    <property name="sun.boot.library.path" value="C:\Program Files\Java\jdk1.8.0_121\jre\bin"/>
    <property name="sun.java.command" value="C:\Users\comte\AppData\Local\Temp\surefire6201302909364256752\surefirebooter8365618851874591263.jar C:\Users\comte\AppData\Local\Temp\surefire6201302909364256752 2019-01-29T17-03-03_930-jvmRun1 surefire3278275104463710991tmp surefire_01720530090805345977tmp"/>
    <property name="surefire.test.class.path" value="C:\Users\comte\Desktop\RailNetCut\rail-net-cut\target\test-classes;C:\Users\comte\Desktop\RailNetCut\rail-net-cut\target\classes;C:\Users\comte\.m2\repository\com\googlecode\princeton-java-introduction\stdlib\1.0.1\stdlib-1.0.1.jar;C:\Users\comte\.m2\repository\java3d\vecmath\1.3.1\vecmath-1.3.1.jar;C:\Users\comte\.m2\repository\java3d\j3d-core-utils\1.3.1\j3d-core-utils-1.3.1.jar;C:\Users\comte\.m2\repository\java3d\j3d-core\1.3.1\j3d-core-1.3.1.jar;C:\Users\comte\.m2\repository\junit\junit\4.11\junit-4.11.jar;C:\Users\comte\.m2\repository\org\hamcrest\hamcrest-core\1.3\hamcrest-core-1.3.jar;"/>
    <property name="sun.cpu.endian" value="little"/>
    <property name="user.home" value="C:\Users\comte"/>
    <property name="user.language" value="en"/>
    <property name="java.specification.vendor" value="Oracle Corporation"/>
    <property name="java.home" value="C:\Program Files\Java\jdk1.8.0_121\jre"/>
    <property name="basedir" value="C:\Users\comte\Desktop\RailNetCut\rail-net-cut"/>
    <property name="file.separator" value="\"/>
    <property name="line.separator" value="&#10;"/>
    <property name="java.vm.specification.vendor" value="Oracle Corporation"/>
    <property name="java.specification.name" value="Java Platform API Specification"/>
    <property name="java.awt.graphicsenv" value="sun.awt.Win32GraphicsEnvironment"/>
    <property name="surefire.real.class.path" value="C:\Users\comte\AppData\Local\Temp\surefire6201302909364256752\surefirebooter8365618851874591263.jar"/>
    <property name="sun.boot.class.path" value="C:\Program Files\Java\jdk1.8.0_121\jre\lib\resources.jar;C:\Program Files\Java\jdk1.8.0_121\jre\lib\rt.jar;C:\Program Files\Java\jdk1.8.0_121\jre\lib\sunrsasign.jar;C:\Program Files\Java\jdk1.8.0_121\jre\lib\jsse.jar;C:\Program Files\Java\jdk1.8.0_121\jre\lib\jce.jar;C:\Program Files\Java\jdk1.8.0_121\jre\lib\charsets.jar;C:\Program Files\Java\jdk1.8.0_121\jre\lib\jfr.jar;C:\Program Files\Java\jdk1.8.0_121\jre\classes"/>
    <property name="user.script" value=""/>
    <property name="sun.management.compiler" value="HotSpot 64-Bit Tiered Compilers"/>
    <property name="java.runtime.version" value="1.8.0_121-b13"/>
    <property name="user.name" value="comte"/>
    <property name="path.separator" value=";"/>
    <property name="os.version" value="10.0"/>
    <property name="java.endorsed.dirs" value="C:\Program Files\Java\jdk1.8.0_121\jre\lib\endorsed"/>
    <property name="java.runtime.name" value="Java(TM) SE Runtime Environment"/>
    <property name="file.encoding" value="Cp1252"/>
    <property name="java.vm.name" value="Java HotSpot(TM) 64-Bit Server VM"/>
    <property name="localRepository" value="C:\Users\comte\.m2\repository"/>
    <property name="java.vendor.url.bug" value="http://bugreport.sun.com/bugreport/"/>
    <property name="java.io.tmpdir" value="C:\Users\comte\AppData\Local\Temp\"/>
    <property name="java.version" value="1.8.0_121"/>
    <property name="user.dir" value="C:\Users\comte\Desktop\RailNetCut\rail-net-cut"/>
    <property name="os.arch" value="amd64"/>
    <property name="java.vm.specification.name" value="Java Virtual Machine Specification"/>
    <property name="java.awt.printerjob" value="sun.awt.windows.WPrinterJob"/>
    <property name="sun.os.patch.level" value=""/>
    <property name="java.library.path" value="C:\Program Files\Java\jdk1.8.0_121\jre\bin;C:\WINDOWS\Sun\Java\bin;C:\WINDOWS\system32;C:\WINDOWS;C:\Python27\;C:\Python27\Scripts;C:\ProgramData\Boxstarter;C:\Program Files (x86)\Common Files\Oracle\Java\javapath;C:\ProgramData\Oracle\Java\javapath;C:\WINDOWS\system32;C:\WINDOWS;C:\WINDOWS\System32\Wbem;C:\WINDOWS\System32\WindowsPowerShell\v1.0\;C:\Program Files (x86)\GtkSharp\2.12\bin;C:\opencv\;C:\Program Files (x86)\CMake\bin;C:\Program Files\Git\cmd;C:\WINDOWS\System32\OpenSSH\;C:\Program Files\MongoDB\Server\3.6\bin;C:\Users\comte\Desktop\PowershellScripts;C:\Program Files\Java\jdk1.8.0_121\bin;C:\Program Files\PuTTY\;C:\xampp\php;C:\glassfish5\bin;C:\glassfish5\glassfish\bin;C:\ProgramData\ComposerSetup\bin;C:\Program Files\Microsoft VS Code\bin;C:\Program Files\nodejs\;C:\ProgramData\chocolatey\bin;C:\Program Files\Java\jdk1.8.0_121;C:\apache-maven-3.6.0\bin;C:\Users\comte\AppData\Local\Microsoft\WindowsApps;C:\Users\comte\AppData\Local\atom\bin;C:\Users\comte\AppData\Local\Android\sdk\platform-tools;C:\Program Files\Microsoft VS Code\bin;C:\Users\comte\AppData\Local\GitHubDesktop\bin;C:\Users\comte\AppData\Local\Microsoft\WindowsApps;C:\Program Files\Heroku\bin;C:\Users\comte\AppData\Roaming\Composer\vendor\bin;C:\Users\comte\AppData\Roaming\npm;C:\Program Files\JetBrains\IntelliJ IDEA Community Edition 2018.3.1\bin;;."/>
    <property name="java.vm.info" value="mixed mode"/>
    <property name="java.vendor" value="Oracle Corporation"/>
    <property name="java.vm.version" value="25.121-b13"/>
    <property name="java.ext.dirs" value="C:\Program Files\Java\jdk1.8.0_121\jre\lib\ext;C:\WINDOWS\Sun\Java\lib\ext"/>
    <property name="sun.io.unicode.encoding" value="UnicodeLittle"/>
    <property name="java.class.version" value="52.0"/>
  </properties>
  <testcase name="shouldAnswerWithTrue" classname="com.flowill.AppTest" time="0"/>
</testsuite>